<?xml version="1.0" encoding="UTF-8"?>
<!-- Generated by org.testng.reporters.JUnitReportReporter -->
<testsuite skipped="0" hostname="Shashank-PC" name="com.test.GoogleTest" tests="6" failures="0" timestamp="24 Jul 2019 13:59:37 GMT" time="64.828" errors="0">
  <testcase name="googleTitleTest" time="10.036" classname="com.test.GoogleTest"/>
  <testcase name="googleLogoTest" time="11.260" classname="com.test.GoogleTest"/>
  <testcase name="mailLinkTest" time="12.093" classname="com.test.GoogleTest"/>
  <testcase name="test1" time="10.904" classname="com.test.GoogleTest"/>
  <testcase name="test2" time="8.812" classname="com.test.GoogleTest"/>
  <testcase name="test3" time="11.723" classname="com.test.GoogleTest"/>
</testsuite> <!-- com.test.GoogleTest -->
