<?xml version="1.0" encoding="UTF-8"?>
<!-- Generated by org.testng.reporters.JUnitReportReporter -->
<testsuite skipped="0" hostname="Shashank-PC" name="com.test.ExceptionTimeOutTest" tests="1" failures="0" timestamp="24 Jul 2019 15:12:27 GMT" time="0.038" errors="0">
  <testcase name="test1" time="0.038" classname="com.test.ExceptionTimeOutTest"/>
</testsuite> <!-- com.test.ExceptionTimeOutTest -->
