<?xml version="1.0" encoding="UTF-8"?>
<!-- Generated by org.testng.reporters.JUnitReportReporter -->
<testsuite skipped="0" hostname="Shashank-PC" name="com.datadriven.test.HalfEbayTest" tests="2" failures="0" timestamp="25 Jul 2019 14:26:55 GMT" time="39.348" errors="0">
  <testcase name="halfEbayRegPagetest" time="17.513" classname="com.datadriven.test.HalfEbayTest"/>
  <testcase name="halfEbayRegPagetest" time="21.835" classname="com.datadriven.test.HalfEbayTest"/>
</testsuite> <!-- com.datadriven.test.HalfEbayTest -->
