<?xml version="1.0" encoding="UTF-8"?>
<!-- Generated by org.testng.reporters.JUnitReportReporter -->
<testsuite skipped="0" hostname="Shashank-PC" name="com.parameters.ParameterTest" tests="1" failures="0" timestamp="24 Jul 2019 15:46:53 GMT" time="13.353" errors="0">
  <testcase name="yahooLoginTest" time="13.353" classname="com.parameters.ParameterTest"/>
</testsuite> <!-- com.parameters.ParameterTest -->
