<?xml version="1.0" encoding="UTF-8"?>
<!-- Generated by org.testng.reporters.JUnitReportReporter -->
<testsuite skipped="0" hostname="Shashank-PC" name="com.test.TestNGBasics" tests="2" failures="0" timestamp="24 Jul 2019 15:12:27 GMT" time="0.033" errors="0">
  <testcase name="searchTest" time="0.022" classname="com.test.TestNGBasics"/>
  <testcase name="titleTest" time="0.011" classname="com.test.TestNGBasics"/>
</testsuite> <!-- com.test.TestNGBasics -->
